Basal- squamous:BCCClass=Basosquamous
Basal- squamous cell carcinoma:BCCClass=Basosquamous
Basal-squamous:BCCClass=Basosquamous
Basal-squamous cell carcinoma:BCCClass=Basosquamous
Basal/ squamous:BCCClass=Basosquamous
Basal/squamous:BCCClass=Basosquamous
Basal/squamous cell carcinoma:BCCClass=Basosquamous
Basalsquamous:BCCClass=Basosquamous
Basalsquamous cell carcinoma:BCCClass=Basosquamous
Basi - squamous:BCCClass=Basosquamous
Basi -squamous:BCCClass=Basosquamous
Basi squamous:BCCClass=Basosquamous
Basi- squamous:BCCClass=Basosquamous
Basi-squamous:BCCClass=Basosquamous
Basil -oma:BCCClass=Basosquamous
Basil- oma:BCCClass=Basosquamous
Basil-oma:BCCClass=Basosquamous
Basill -oma:BCCClass=Basosquamous
Basill- oma:BCCClass=Basosquamous
Basill-oma:BCCClass=Basosquamous
Basilloma:BCCClass=Basosquamous
Basiloma:BCCClass=Basosquamous
Basisquamous:BCCClass=Basosquamous
Baso - squamous:BCCClass=Basosquamous
Baso -squamous:BCCClass=Basosquamous
Baso -squamous cell carcinoma:BCCClass=Basosquamous
Baso squamous:BCCClass=Basosquamous
Baso squamous cell carcinoma:BCCClass=Basosquamous
Baso- squamous:BCCClass=Basosquamous
Baso- squamous cell carcinoma:BCCClass=Basosquamous
Baso-squamous:BCCClass=Basosquamous
Baso-squamous cell carcinoma:BCCClass=Basosquamous
Basosquamous:BCCClass=Basosquamous
Basosquamous cell carcinoma:BCCClass=Basosquamous
Cystic:BCCClass=Cystic
Desmoplastic:BCCClass=Morphoeic
Fibro epithelial:BCCClass=Fibroepithelial
Fibro-epithelial:BCCClass=Fibroepithelial
Fibro - epithelial:BCCClass=Fibroepithelial
Fibro- epithelial:BCCClass=Fibroepithelial
Fibro -epithelial:BCCClass=Fibroepithelial
Fibroepithelial:BCCClass=Fibroepithelial
Fibroepithelioma of pinkus:BCCClass=Fibroepithelial
Infiltrative (high risk):BCCClass=Infiltrative
Infiltrative (high-risk):BCCClass=Infiltrative
Infiltrative:BCCClass=Infiltrative
Infiltrating (high risk):BCCClass=Infiltrative
Infiltrating:BCCClass=Infiltrative
Micro nodular:BCCClass=Micronodular
Micro - nodular:BCCClass=Micronodular
Micro- nodular:BCCClass=Micronodular
Micro -nodular:BCCClass=Micronodular
Micro-nodular:BCCClass=Micronodular
Micronodular:BCCClass=Micronodular
Mixed:BCCClass=Mixed
Morphoea (high risk):BCCClass=Morphoeic
Morphoea (high-risk):BCCClass=Morphoeic
Morphoea:BCCClass=Morphoeic
Morphoeic (high risk):BCCClass=Morphoeic
Morphoeic (high-risk):BCCClass=Morphoeic
Morphoeic:BCCClass=Morphoeic
Morphea (high risk):BCCClass=Morphoeic
Morphea (high-risk):BCCClass=Morphoeic
Morphea:BCCClass=Morphoeic
Morpheic (high risk):BCCClass=Morphoeic
Morpheic (high-risk):BCCClass=Morphoeic
Morpheic:BCCClass=Morphoeic
Morpheaform:BCCClass=Morphoeic
Multi centric:BCCClass=Superficial
Multifocal:BCCClass=Multifocal
Multi focal:BCCClass=Multifocal
Multi Nodular:BCCClass=Multifocal
Multi-centric:BCCClass=Multifocal
Multi - centric:BCCClass=Multifocal
Multi- centric:BCCClass=Multifocal
Multi -centric:BCCClass=Multifocal
Multi-focal:BCCClass=Multifocal
Multi - focal:BCCClass=Multifocal
Multi- focal:BCCClass=Multifocal
Multi -focal:BCCClass=Multifocal
Multi-Nodular:BCCClass=Multinodular
Multi - Nodular:BCCClass=Multinodular
Multi- Nodular:BCCClass=Multinodular
Multi -Nodular:BCCClass=Multinodular
Multicentric:BCCClass=Multifocal
Multinodular:BCCClass=Multinodular
Nodular:BCCClass=Nodular
Nodulo cystic:BCCClass=Nodulocystic
Nodulo-cystic:BCCClass=Nodulocystic
Nodulocystic:BCCClass=Nodulocystic
Pigmented:BCCClass=Pigmented
Pigment:BCCClass=Pigmented
Sclerosing:BCCClass=Morphoeic
Sclerotic:BCCClass=Morphoeic
Sclerodermiform:BCCClass=Morphoeic
Squamous/basal cell carcinoma:BCCClass=Basosquamous
Superficial multifocal:BCCClass=Superficial
Superficial:BCCClass=Superficial
Polypoid:BCCClass=Polypoid
