1st:value=1
2nd:value=2
3rd:value=3
4th:value=4
5th:value=5
6th:value=6
7th:value=7
8th:value=8
9th:value=9
10th:value=10
11th:value=11
12th:value=12
13th:value=13
14th:value=14
15th:value=15
16th:value=16
17th:value=17
18th:value=18
19th:value=19
20th:value=20
21st:value=21
22nd:value=22
23rd:value=23
24th:value=24
25th:value=25
26th:value=26
27th:value=27
28th:value=28
29th:value=29
30th:value=30
31st:value=31
1ST:Ordinals=01
2ND:Ordinals=02
3RD:Ordinals=03
4TH:Ordinals=04
5TH:Ordinals=05
6TH:Ordinals=06
7TH:Ordinals=07
8TH:Ordinals=08
9TH:Ordinals=09
10TH:Ordinals=10
11TH:Ordinals=11
12TH:Ordinals=12
13TH:Ordinals=13
14TH:Ordinals=14
15TH:Ordinals=15
16TH:Ordinals=16
17TH:Ordinals=17
18TH:Ordinals=18
19TH:Ordinals=19
20TH:Ordinals=20
21ST:Ordinals=21
22ND:Ordinals=22
23RD:Ordinals=23
24TH:Ordinals=24
25TH:Ordinals=25
26TH:Ordinals=26
27TH:Ordinals=27
28TH:Ordinals=28
29TH:Ordinals=29
30TH:Ordinals=30
31ST:Ordinals=31
