Dermis:DeepMargin=Dermis
Fat:DeepMargin=Fat
Subcutaneous fat:DeepMargin=Fat
Subcutaneous tissue:DeepMargin=Fat
Hypodermis:DeepMargin=Fat
Scarpa's fascia:DeepMargin=Fat
Camper's fascia:DeepMargin=Fat
Scarpa fascia:DeepMargin=Fat
Camper fascia:DeepMargin=Fat
Scarpas fascia:DeepMargin=Fat
Campers fascia:DeepMargin=Fat
Fascia:DeepMargin=Fascia
Superficial Fascia:DeepMargin=Superficial Fascia
Deep Fascia:DeepMargin=Deep Fascia
Galea:DeepMargin=Galea
Periosteum:DeepMargin=Periosteum
Pericranium:DeepMargin=Periosteum
Muscle:DeepMargin=Muscle
Bone:DeepMargin=Bone
Skull:DeepMargin=Bone
Calvarium:DeepMargin=Bone
Outer table:DeepMargin=Bone
Inner table:DeepMargin=Bone
Diplopic space:DeepMargin=Bone
Cortex:DeepMargin=Bone
Medulla:DeepMargin=Bone 
Cartilage:DeepMargin=Cartilage
Perichondrium:DeepMargin=Perichondrium
