Primary:ExcisionNature=Primary
Recurrent:ExcisionNature=Recurrent
Recurrence:ExcisionNature=Recurrent
Old skin graft:ExcisionNature=Recurrent
Old graft:ExcisionNature=Recurrent
Old local flap:ExcisionNature=Recurrent
Old flap:ExcisionNature=Recurrent
Old split thickness skin graft:ExcisionNature=Recurrent
Old split thickness graft:ExcisionNature=Recurrent
Old SSG:ExcisionNature=Recurrent
Old full thickness skin graft:ExcisionNature=Recurrent
Old full thickness graft:ExcisionNature=Recurrent
Old FTSG:ExcisionNature=Recurrent
Old STSG:ExcisionNature=Recurrent
Old scar:ExcisionNature=Recurrent
Old biopsy site:ExcisionNature=Recurrent
Old biopsy:ExcisionNature=Recurrent
Old site:ExcisionNature=Recurrent
Previous Incomplete:ExcisionNature=PreviouslyIncomplete
Previously Incomplete:ExcisionNature=PreviouslyIncomplete
Previous Incomplete excision:ExcisionNature=PreviouslyIncomplete
Previous Incompletely excised:ExcisionNature=PreviouslyIncomplete
Previously Incompletely excised:ExcisionNature=PreviouslyIncomplete
Incompletely excised:ExcisionNature=PreviouslyIncomplete
Incomplete:ExcisionNature=PreviouslyIncomplete
