right:lateralisation=Right
right side:lateralisation=Right
right side of:lateralisation=Right
right of:lateralisation=Right
Rt:lateralisation=Right
Rt side:lateralisation=Right
Rt side of:lateralisation=Right
Rt of:lateralisation=Right
R:lateralisation=Right
R side:lateralisation=Right
R side of:lateralisation=Right
R of:lateralisation=Right
Righr:lateralisation=Right
Righy:lateralisation=Right
Pre-right-auricular:bodypart=Right
Pre- right auricular:bodypart=Right
Pre - right - auricular:bodypart=Right
Pre right auricular:bodypart=Right
Per-right-auricular:bodypart=Right
Per- right- auricular:bodypart=Right
Per - right - auricular:bodypart=Right
Per right auricular:bodypart=Right
Post-right-auricular:bodypart=Right
Post- right- auricular:bodypart=Right
Post - right - auricular:bodypart=Right
Post right auricular:bodypart=Right
left:lateralisation=Left
left side:lateralisation=Left
left side of:lateralisation=Left
left of:lateralisation=Left
Lt:lateralisation=Left
Lt side:lateralisation=Left
Lt side of:lateralisation=Left
Lt of:lateralisation=Left
L:lateralisation=Left
L side:lateralisation=Left
L side of:lateralisation=Left
L of:lateralisation=Left
Lefy:lateralisation=Left
Lefr:lateralisation=Left
Pre-left-auricular:bodypart=Left
Pre- left auricular:bodypart=Left
Pre - left - auricular:bodypart=Left
Pre left auricular:bodypart=Left
Per-left-auricular:bodypart=Left
Per- left- auricular:bodypart=Left
Per - left - auricular:bodypart=Left
Per left auricular:bodypart=Left
Post-left-auricular:bodypart=Left
Post- left- auricular:bodypart=Left
Post - left - auricular:bodypart=Left
Post left auricular:bodypart=Left
midline:lateralisation=Midline
