Irregular area
Irregular areas
Area
Areas
Nodule 
Nodules
Nodule
Irregular Nodule
Lesion
Lesions
Approximately 
Irregular plaque
Plaque
Plaques
Central
Irregular ulcer
Ulcer
Ulcers
Ulcerated 
Irregular surface
Surface 
Surfaces
Irregular
Raised
Irregular area measuring 
Irregular areas measuring 
Area measuring 
Areas measuring 
Nodule  measuring 
Nodules measuring 
Irregular Nodule measuring 
Lesion measuring 
Lesions measuring 
Approximately  measuring 
Irregular plaque measuring 
Plaque measuring 
Plaques measuring 
Central measuring 
Irregular ulcer measuring 
Ulcer measuring 
Ulcers measuring 
Ulcerated  measuring 
Irregular surface measuring 
Surface  measuring 
Surfaces measuring 
Irregular measuring 
Raised measuring 
Fragment
