Shaun Roberts:Name=ShaunRoberts
S. Roberts:Name=ShaunRoberts
S Roberts:Name=ShaunRoberts
Allan Dawson:Name=AllanDawson
A. Dawson:Name=AllanDawson
A Dawson:Name=AllanDawson
Maurizio Brotto:Name=MaurizioBrotto
M. Brotto:Name=MaurizioBrotto
M Brotto:Name=MaurizioBrotto
Paul Griffiths:Name=PaulGriffiths
P. Griffiths:Name=PaulGriffiths
P Griffiths:Name=PaulGriffiths
Namor Williams:Name=NamorWilliams
Namor Wyn Williams:Name=NamorWilliams
N. Williams:Name=NamorWilliams
N Williams:Name=NamorWilliams
N. W. Williams:Name=NamorWilliams
N W Williams:Name=NamorWilliams
Susannah Howarth:Name=SusannahHowarth
Suzie Howarth:Name=SusannahHowarth
Susanna Howarth:Name=SusannahHowarth
S. Howarth:Name=SusannahHowarth
S Howarth:Name=SusannahHowarth
Peter Davis:Name=PeterDavis
P. Davis:Name=PeterDavis
P Davis:Name=PeterDavis
Peter Davies:Name=PeterDavis
Nadine Burke:Name=NadineBurke
N. Burke:Name=NadineBurke
N Burke:Name=NadineBurke
Nasima Tofazzal:Name=NasimaTofazzal
N. Tofazzal:Name=NasimaTofazzal
N Tofazzal:Name=NasimaTofazzal
Danny Parker:Name=DannyParker
D. Parker:Name=DannyParker
D Parker:Name=DannyParker
A Finall:Name=AlisonFinall 
A. Finall:Name=AlisonFinall 
Alison Finall:Name=AlisonFinall 
D Parker:Name=DannyParker
D. Parker:Name=DannyParker
Danny Parker:Name=DannyParker
G Leopold:Name=GarethLeopold
G. Leopold:Name=GarethLeopold
Gareth Leopold:Name=GarethLeopold
L Semkin:Name=LeonidSemkin
L. Semkin:Name=LeonidSemkin
Leonid Semkin:Name=LeonidSemkin
M Cotter:Name=MargaretCotter 
M. Cotter:Name=MargaretCotter 
Margaret Cotter:Name=MargaretCotter 
O Kozyar:Name=OlexandraKozyar 
O. Kozyar:Name=OlexandraKozyar 
Olexandra Kozyar:Name=OlexandraKozyar 
P Davis:Name=PeterDavis
P. Davis:Name=PeterDavis
Peter Davis:Name=PeterDavis
R Trefor:Name=RhiannonTrefor 
R. Trefor:Name=RhiannonTrefor 
Rhiannon Trefor:Name=RhiannonTrefor 
S Ng:Name=SelwynNg
S. Ng:Name=SelwynNg
Selwyn Ng:Name=SelwynNg
T Elazzabi:Name=TawfikElazzabi
T. Elazzabi:Name=TawfikElazzabi
Tawfik Elazzabi:Name=TawfikElazzabi
V Shah:Name=VarshaShah
V. Shah:Name=VarshaShah
Varsha Shah:Name=VarshaShah
David Williams:Name=DavidWilliams
D Williams:Name=DavidWilliams
D. Williams:Name=DavidWilliams
DW Williams:Name=DavidWilliams
D W Williams:Name=DavidWilliams
D. W. Williams:Name=DavidWilliams
D. W Williams:Name=DavidWilliams
D W. Williams:Name=DavidWilliams

