Evidence of tumour:Negatives=true
Tumour evident:Negatives=true
Tumour Present:Negatives=true
Presence of tumour:Negatives=true
Tumour seen:Negatives=true
Tumour absent:Negatives=false
Tumour not Present:Negatives=false
Malignancy evident:Negatives=true
Malignancy Present:Negatives=true
Presence of Malignancy:Negatives=true
Malignancy seen:Negatives=true
Malignancy absent:Negatives=false
Malignancy not Present:Negatives=false
Evidence of malignancy:Negatives=true
Malignant disease evident:Negatives=true
Malignant disease Present:Negatives=true
Presence of Malignant disease:Negatives=true
Malignant disease seen:Negatives=true
Malignant disease absent:Negatives=false
Malignant disease not Present:Negatives=false
